[debug] [2020-02-03T14:47:24.242Z] ----------------------------------------------------------------------
[debug] [2020-02-03T14:47:24.244Z] Command:       /usr/local/Cellar/node@10/10.18.1/bin/node /usr/local/bin/firebase deploy --only functions:listQuestions
[debug] [2020-02-03T14:47:24.244Z] CLI Version:   7.12.1
[debug] [2020-02-03T14:47:24.244Z] Platform:      darwin
[debug] [2020-02-03T14:47:24.245Z] Node Version:  v10.18.1
[debug] [2020-02-03T14:47:24.245Z] Time:          Mon Feb 03 2020 17:47:24 GMT+0300 (GMT+03:00)
[debug] [2020-02-03T14:47:24.245Z] ----------------------------------------------------------------------
[debug] [2020-02-03T14:47:24.246Z] 
[debug] [2020-02-03T14:47:24.258Z] > command requires scopes: ["email","openid","https://www.googleapis.com/auth/cloudplatformprojects.readonly","https://www.googleapis.com/auth/firebase","https://www.googleapis.com/auth/cloud-platform"]
[debug] [2020-02-03T14:47:24.258Z] > authorizing via signed-in user
[debug] [2020-02-03T14:47:24.258Z] [iam] checking project colorful-intelligence for permissions ["cloudfunctions.functions.create","cloudfunctions.functions.delete","cloudfunctions.functions.get","cloudfunctions.functions.list","cloudfunctions.functions.update","cloudfunctions.operations.get","firebase.projects.get"]
[debug] [2020-02-03T14:47:24.260Z] >>> HTTP REQUEST POST https://cloudresourcemanager.googleapis.com/v1/projects/colorful-intelligence:testIamPermissions  

[debug] [2020-02-03T14:47:25.729Z] <<< HTTP RESPONSE 200
[info] 
[info] === Deploying to 'colorful-intelligence'...
[info] 
[info] i  deploying functions
[info] Running command: npm --prefix "$RESOURCE_DIR" run lint
[info] ✔  functions: Finished running predeploy script.
[debug] [2020-02-03T14:47:29.504Z] > [functions] package.json contents: {
  "name": "functions",
  "description": "Cloud Functions for Firebase",
  "scripts": {
    "lint": "eslint .",
    "serve": "firebase serve --only functions",
    "shell": "firebase functions:shell",
    "start": "npm run shell",
    "deploy": "firebase deploy --only functions",
    "logs": "firebase functions:log"
  },
  "engines": {
    "node": "8"
  },
  "dependencies": {
    "firebase-admin": "^8.6.0",
    "firebase-functions": "^3.3.0"
  },
  "devDependencies": {
    "eslint": "^5.12.0",
    "eslint-plugin-promise": "^4.0.1",
    "firebase-functions-test": "^0.1.6"
  },
  "private": true
}
[info] i  functions: ensuring necessary APIs are enabled...
[debug] [2020-02-03T14:47:29.505Z] >>> HTTP REQUEST GET https://serviceusage.googleapis.com/v1/projects/colorful-intelligence/services/cloudfunctions.googleapis.com  
 
[debug] [2020-02-03T14:47:29.506Z] >>> HTTP REQUEST GET https://serviceusage.googleapis.com/v1/projects/colorful-intelligence/services/runtimeconfig.googleapis.com  
 
[debug] [2020-02-03T14:47:30.928Z] <<< HTTP RESPONSE 200
[debug] [2020-02-03T14:47:31.068Z] <<< HTTP RESPONSE 200
[info] ✔  functions: all necessary APIs are enabled
[debug] [2020-02-03T14:47:31.070Z] >>> HTTP REQUEST GET https://firebase.googleapis.com/v1beta1/projects/colorful-intelligence/adminSdkConfig  
 
[debug] [2020-02-03T14:47:31.938Z] <<< HTTP RESPONSE 200
[info] i  functions: preparing functions directory for uploading...
[debug] [2020-02-03T14:47:31.941Z] >>> HTTP REQUEST GET https://runtimeconfig.googleapis.com/v1beta1/projects/colorful-intelligence/configs  
 
[debug] [2020-02-03T14:47:33.045Z] <<< HTTP RESPONSE 200
[info] i  functions: packaged functions (41.1 KB) for uploading
[debug] [2020-02-03T14:47:33.340Z] >>> HTTP REQUEST POST https://cloudfunctions.googleapis.com/v1/projects/colorful-intelligence/locations/us-central1/functions:generateUploadUrl  
 
[debug] [2020-02-03T14:47:34.586Z] <<< HTTP RESPONSE 200
[debug] [2020-02-03T14:47:34.587Z] >>> HTTP REQUEST PUT https://storage.googleapis.com/gcf-upload-us-central1-70bfc821-7ae8-48e5-a78b-0a79ddcb7ca7/dd3f7d02-bfbd-4eb0-97b5-875a31665552.zip?GoogleAccessId=service-459908628307@gcf-admin-robot.iam.gserviceaccount.com&Expires=1580743054&Signature=fjiafUwjYYMsIGUPbiRaTTaHKQcRtIsWhXfF3owiBzjvCSO1GkIPtkoEHBM%2BqztFpZW1K3fSvPaECgAUZYRliskDEmXi4groP93ZgNqNgUf3p4Tbde7RMfyA%2BAyMsNiU1MLn%2B5mliHwdYLlj%2BiLQPOxo7C5ZzJaAwz%2F3WImENj3g1B3i%2BXTHY0VWb4mk1ZD5LIAVh3v5QBLf37glo0BWiHiRx87Y4xUhiNzprOscw0nU8LOr9fv8Aq9VUEUZcQO%2Foej660DorpOmhcSyLOnGa%2FZbCvi7UW5cbAR6cOgUvDls2HH1HFQoMD%2BqLo%2F2hOr%2Fe%2F2fRHLK1fn9wNwlliSq0g%3D%3D  
 <request body omitted>
[debug] [2020-02-03T14:47:35.634Z] <<< HTTP RESPONSE 200
[info] ✔  functions: functions folder uploaded successfully
[debug] [2020-02-03T14:47:35.636Z] >>> HTTP REQUEST GET https://cloudfunctions.googleapis.com/v1/projects/colorful-intelligence/locations/-/functions  
 
[debug] [2020-02-03T14:47:36.236Z] <<< HTTP RESPONSE 200
[debug] [2020-02-03T14:47:36.238Z] > [functions] filtering triggers to: [
  "projects/colorful-intelligence/locations/us-central1/functions/listQuestions"
]
[info] i  functions: current functions in project: addMessage(us-central1), listQuestions(us-central1), saveGame(us-central1), saveQuestion(us-central1)
[info] i  functions: uploading functions in project: listQuestions(us-central1)
[info] i  functions: updating Node.js 8 function listQuestions(us-central1)...
[debug] [2020-02-03T14:47:36.243Z] Trigger is:  {"httpsTrigger":{}}
[debug] [2020-02-03T14:47:36.244Z] >>> HTTP REQUEST GET https://serviceusage.googleapis.com/v1/projects/colorful-intelligence/services/cloudscheduler.googleapis.com  
 
[debug] [2020-02-03T14:47:37.785Z] <<< HTTP RESPONSE 200
[debug] [2020-02-03T14:47:37.786Z] >>> HTTP REQUEST PATCH https://cloudfunctions.googleapis.com/v1/projects/colorful-intelligence/locations/us-central1/functions/listQuestions {"updateMask":"sourceUploadUrl,name,labels,runtime,httpsTrigger"} 

[debug] [2020-02-03T14:47:38.274Z] <<< HTTP RESPONSE 200
[debug] [2020-02-03T14:47:38.277Z] >>> HTTP REQUEST GET https://cloudfunctions.googleapis.com/v1/projects/colorful-intelligence/locations/-/functions  
 
[debug] [2020-02-03T14:47:38.915Z] <<< HTTP RESPONSE 200
[debug] [2020-02-03T14:47:38.916Z] >>> HTTP REQUEST GET https://cloudfunctions.googleapis.com/v1/operations/Y29sb3JmdWwtaW50ZWxsaWdlbmNlL3VzLWNlbnRyYWwxL2xpc3RRdWVzdGlvbnMvSTBsUWhTOExyOTA  
 
[debug] [2020-02-03T14:47:39.267Z] <<< HTTP RESPONSE 200
[debug] [2020-02-03T14:47:41.268Z] >>> HTTP REQUEST GET https://cloudfunctions.googleapis.com/v1/operations/Y29sb3JmdWwtaW50ZWxsaWdlbmNlL3VzLWNlbnRyYWwxL2xpc3RRdWVzdGlvbnMvSTBsUWhTOExyOTA  
 
[debug] [2020-02-03T14:47:41.715Z] <<< HTTP RESPONSE 200
[debug] [2020-02-03T14:47:43.718Z] >>> HTTP REQUEST GET https://cloudfunctions.googleapis.com/v1/operations/Y29sb3JmdWwtaW50ZWxsaWdlbmNlL3VzLWNlbnRyYWwxL2xpc3RRdWVzdGlvbnMvSTBsUWhTOExyOTA  
 
[debug] [2020-02-03T14:47:44.145Z] <<< HTTP RESPONSE 200
[debug] [2020-02-03T14:47:46.149Z] >>> HTTP REQUEST GET https://cloudfunctions.googleapis.com/v1/operations/Y29sb3JmdWwtaW50ZWxsaWdlbmNlL3VzLWNlbnRyYWwxL2xpc3RRdWVzdGlvbnMvSTBsUWhTOExyOTA  
 
[debug] [2020-02-03T14:47:47.172Z] <<< HTTP RESPONSE 200
[debug] [2020-02-03T14:47:49.173Z] >>> HTTP REQUEST GET https://cloudfunctions.googleapis.com/v1/operations/Y29sb3JmdWwtaW50ZWxsaWdlbmNlL3VzLWNlbnRyYWwxL2xpc3RRdWVzdGlvbnMvSTBsUWhTOExyOTA  
 
[debug] [2020-02-03T14:47:49.792Z] <<< HTTP RESPONSE 200
[debug] [2020-02-03T14:47:51.797Z] >>> HTTP REQUEST GET https://cloudfunctions.googleapis.com/v1/operations/Y29sb3JmdWwtaW50ZWxsaWdlbmNlL3VzLWNlbnRyYWwxL2xpc3RRdWVzdGlvbnMvSTBsUWhTOExyOTA  
 
[debug] [2020-02-03T14:47:52.412Z] <<< HTTP RESPONSE 200
[debug] [2020-02-03T14:47:54.416Z] >>> HTTP REQUEST GET https://cloudfunctions.googleapis.com/v1/operations/Y29sb3JmdWwtaW50ZWxsaWdlbmNlL3VzLWNlbnRyYWwxL2xpc3RRdWVzdGlvbnMvSTBsUWhTOExyOTA  
 
[debug] [2020-02-03T14:47:54.904Z] <<< HTTP RESPONSE 200
[debug] [2020-02-03T14:47:56.906Z] >>> HTTP REQUEST GET https://cloudfunctions.googleapis.com/v1/operations/Y29sb3JmdWwtaW50ZWxsaWdlbmNlL3VzLWNlbnRyYWwxL2xpc3RRdWVzdGlvbnMvSTBsUWhTOExyOTA  
 
[debug] [2020-02-03T14:47:57.368Z] <<< HTTP RESPONSE 200
[debug] [2020-02-03T14:47:59.373Z] >>> HTTP REQUEST GET https://cloudfunctions.googleapis.com/v1/operations/Y29sb3JmdWwtaW50ZWxsaWdlbmNlL3VzLWNlbnRyYWwxL2xpc3RRdWVzdGlvbnMvSTBsUWhTOExyOTA  
 
[debug] [2020-02-03T14:48:00.146Z] <<< HTTP RESPONSE 200
[debug] [2020-02-03T14:48:02.147Z] >>> HTTP REQUEST GET https://cloudfunctions.googleapis.com/v1/operations/Y29sb3JmdWwtaW50ZWxsaWdlbmNlL3VzLWNlbnRyYWwxL2xpc3RRdWVzdGlvbnMvSTBsUWhTOExyOTA  
 
[debug] [2020-02-03T14:48:02.898Z] <<< HTTP RESPONSE 200
[debug] [2020-02-03T14:48:04.899Z] >>> HTTP REQUEST GET https://cloudfunctions.googleapis.com/v1/operations/Y29sb3JmdWwtaW50ZWxsaWdlbmNlL3VzLWNlbnRyYWwxL2xpc3RRdWVzdGlvbnMvSTBsUWhTOExyOTA  
 
[debug] [2020-02-03T14:48:05.388Z] <<< HTTP RESPONSE 200
[debug] [2020-02-03T14:48:07.394Z] >>> HTTP REQUEST GET https://cloudfunctions.googleapis.com/v1/operations/Y29sb3JmdWwtaW50ZWxsaWdlbmNlL3VzLWNlbnRyYWwxL2xpc3RRdWVzdGlvbnMvSTBsUWhTOExyOTA  
 
[debug] [2020-02-03T14:48:07.786Z] <<< HTTP RESPONSE 200
[debug] [2020-02-03T14:48:09.789Z] >>> HTTP REQUEST GET https://cloudfunctions.googleapis.com/v1/operations/Y29sb3JmdWwtaW50ZWxsaWdlbmNlL3VzLWNlbnRyYWwxL2xpc3RRdWVzdGlvbnMvSTBsUWhTOExyOTA  
 
[debug] [2020-02-03T14:48:10.237Z] <<< HTTP RESPONSE 200
